80
135 206 346 415 457 1577 1985 2571 3104 3884 3898 3989 4517 4992 5156 5598 5827 5897 5917 6968 7333 7386 8800 9787 10884 10916 11106 11123 12719 12931 13483 13644 13759 14928 15536 16382 16465 17769 18179 18922 19042 19067 19128 19661 20089 20637 20687 22212 22330 22649 22980 23325 23344 23656 24016 24455 25162 26028 27497 27990 29443 29512 29585 30837 31018 33674 35159 35426 36540 36693 37067 37226 39574 40446 40902 41805 42248 42273 44326 48801
81
603 985 2105 2419 2855 3190 3819 3886 6706 6994 7208 7247 7804 7908 7951 8117 8144 9455 9524 10268 10782 11510 12626 12725 14308 14859 15791 16282 16336 16665 16705 17132 17389 18194 18329 19139 20454 20458 20642 20890 23608 24135 24581 25962 26808 29149 29478 29715 29928 30852 30923 31959 33139 33550 34049 34862 35624 35777 36409 37226 37416 37567 37762 39157 39344 39734 39950 40971 41386 42883 42962 43329 45016 47580 47617 47968 48084 48345 48436 48641 49249
81
1072 3208 3699 3837 5640 5778 6352 7709 7748 8689 8731 9046 9085 9393 9798 13311 13556 13749 14126 14684 14859 15475 16122 16631 17050 17441 18240 19589 19764 19822 20397 20865 20996 21039 21905 22275 22692 22856 23568 23750 23786 24776 24904 25538 25929 26824 26867 27347 29351 29615 29732 29835 30943 30957 31116 31349 32360 32411 32468 32477 33290 34567 38197 39459 39567 40449 40529 40686 41309 41316 41770 43139 43529 43890 44253 44265 44371 44987 46109 46527 46838
79
101 291 1011 1100 2021 2439 2499 2503 2544 2587 3499 3763 3852 4599 5041 6026 6075 6557 7484 7516 8133 8251 8580 8707 9000 9334 9352 9571 12375 13327 15972 16243 16435 17015 17360 17520 18025 18133 18366 19628 20488 21004 21110 21818 23476 24324 24813 25274 25290 25353 25422 25560 25958 26454 27606 29467 30623 32030 32669 33197 33501 33802 33975 34481 34858 35067 35095 36432 38681 39128 41392 41407 41977 43574 44820 45172 46015 46741 47543
83
1618 1931 1945 2006 3153 3798 5749 6106 6169 6254 6521 7937 8091 8106 8278 9923 10380 10515 13065 13852 14110 14152 15386 16233 16559 17791 18232 18279 18286 18694 19769 20192 20836 21066 22343 22473 22577 22673 23884 24135 24489 26045 26361 26781 28339 28673 28864 29029 29187 29868 30297 30380 30533 30722 31893 34141 34792 34903 35023 35144 36209 36431 36822 37065 37087 37563 38057 38126 40209 40334 41512 42459 42562 44249 44765 45348 45857 46916 47623 48563 48763 49722 49764
83
9 1060 1388 3003 5438 6578 7073 7171 7704 8439 8557 9046 12529 12892 12981 13721 13746 14811 14948 14994 15499 15519 16171 16364 16629 16736 17007 17235 17536 17750 17788 18095 18121 18845 19162 19265 19827 20153 20567 25388 26411 27216 27218 27539 28112 29289 29314 29383 29592 29638 30441 30943 31103 32349 32484 32650 32750 32789 33239 34791 35127 35139 35623 35834 36682 37073 38115 38443 40953 41250 41546 42300 44079 44773 45250 45835 47208 47391 48313 48460 48466 48484 49625
81
416 802 833 1393 2711 2939 3774 4052 5962 6672 6717 9159 9294 10870 11024 11526 13389 13430 15314 16747 16963 19083 19690 20813 21502 21578 22052 23643 24045 24669 25251 25779 26059 27460 27605 27877 29873 30802 31908 32915 33120 33403 33421 33983 33998 34367 34428 34509 35416 35766 36087 36159 36890 37202 38394 41317 41686 41699 42568 42584 43102 43264 43359 43470 43680 43950 44261 45831 46396 46462 46672 46815 47224 48151 48372 48387 49227 49479 49543 49551 49888
86
768 2042 3960 4645 5496 5672 5885 6191 6458 6469 8607 8922 9583 9894 10245 10745 11039 11213 11261 12074 12409 12651 13566 13846 14940 16693 17355 18090 19500 20818 20832 21307 21327 22294 22351 22462 22918 24062 24276 24416 24776 26786 26915 27618 28172 28958 29044 29449 30234 30616 30781 31371 31573 31719 32355 33851 34382 34498 35267 35311 35359 35442 35946 35948 36242 36287 38636 39161 39682 40499 40803 41132 41405 42589 43642 43729 43885 43944 45952 46350 46936 47281 47977 48291 48399 49831
84
214 335 947 1139 2146 2517 2554 2603 4620 4911 5038 5132 6788 6929 7614 7796 7883 9116 9824 10217 11446 12058 12130 12231 12624 12655 13711 13984 14412 14602 15272 15533 15996 16517 16552 16808 17441 18412 19210 19950 20249 20398 20487 20724 21288 21681 22406 22757 22791 22826 23002 24234 24546 25170 25515 26311 27707 29954 30067 30897 31200 32398 32767 32981 33672 33758 35775 36805 36813 36825 37434 37930 38322 38740 38984 40102 42058 42854 43324 43606 44991 46000 46819 49637
85
740 1774 1844 1990 2049 2428 3770 4141 5572 6069 6109 6911 7349 7367 7555 7688 8141 8740 9249 9524 10153 10538 11356 11630 12492 12596 12897 13481 13570 14149 14588 14589 14674 15712 16112 17217 18957 19401 20545 22536 24141 24995 25696 26191 26462 27047 28554 29698 30474 30612 31540 32513 33054 33236 33926 34184 34603 35767 35870 36013 37834 38009 39684 39768 40501 41517 41622 42160 42652 42840 43236 43286 43446 44424 44753 45572 45911 46418 46798 47829 48014 48152 48964 49307 49514
80
379 453 1499 2879 3933 3961 4499 4560 6533 7032 8152 8469 9917 11139 11922 12025 12998 13125 13685 14872 15668 16195 17105 17213 18021 18517 18908 19307 19821 20246 20742 20747 21027 21159 21248 23730 25482 25671 26863 27309 27792 28581 29087 29173 30197 31568 31752 31767 32263 32515 32872 33137 33746 33950 34518 35879 35989 36034 36549 36582 36765 37248 37284 38044 39274 39413 39634 39749 39991 40086 40165 41017 41465 41735 42992 43407 43792 43977 44056 46208
78
38 693 928 1200 1449 1866 1934 2391 2415 2419 3189 3200 3693 5026 5407 5420 6335 7430 7645 8056 8108 8516 10204 10395 10929 11413 11931 12433 13009 14070 14512 15143 15191 16059 17102 17489 18501 18886 19184 21304 21924 22204 22521 22540 23652 23813 23880 24234 24778 25654 25819 26079 26110 26147 26734 27257 28409 30793 31463 32216 32240 32523 32762 33107 34253 34763 37974 38199 38333 39672 39738 40595 41742 42915 43797 44777 45383 46256
80
134 1061 1784 3788 6533 6871 8255 8325 8542 8695 9606 9715 10396 10635 11779 12653 13045 13147 13187 13539 14638 15215 15502 16439 16669 16694 16894 17770 18469 18522 18807 18922 19662 21028 21515 22377 22380 24197 25018 27451 27551 27636 28468 28965 29829 30598 32589 33536 33666 34334 34846 34933 35189 36451 37168 37294 37596 38015 39681 40515 41456 41463 41993 42329 42471 42645 43214 44188 44284 44582 45242 46191 46627 47635 48387 48442 49398 49525 49666 49920
79
130 331 549 571 1271 3051 3880 3965 5116 5241 5468 6635 7153 9616 11121 11346 11425 11863 12396 13258 13762 14707 16231 17026 17091 18003 18425 18774 19189 19857 20170 20224 21365 21377 22184 23101 23822 24031 24128 24851 26253 26985 27183 27243 28044 28598 29493 30092 30589 30653 31032 31284 31814 31918 32265 32439 32955 34760 34837 35195 35294 35573 36955 37118 38104 38208 38915 39427 39673 40040 40470 41785 42250 43484 44849 44953 45395 47094 48215
82
1049 1146 1850 7174 9300 9835 11480 11642 12101 12410 13714 14717 15058 15066 15851 15930 16420 17028 17226 17947 18999 19044 19098 19687 19695 19809 20178 21934 22238 22626 22677 23543 24165 25014 25078 25350 25568 25866 27636 28185 29540 30002 30262 30267 30926 31512 32328 32888 33440 33463 33553 35053 35313 35764 36521 37128 37145 37785 37830 38116 38441 38743 39837 40161 40944 40968 41035 41383 42032 43541 43635 44121 44367 44643 44765 44819 44863 45073 45154 46851 47098 47451
82
429 1705 3050 4002 4184 4416 4986 6949 9785 10246 10451 11005 11308 11410 12544 12714 13260 13369 13418 13804 14216 14251 14673 16610 16700 17201 17320 17866 18323 18614 19420 19493 19881 20978 21836 22053 23727 24347 24706 24908 25225 25986 27039 27517 28090 30060 30264 31219 31740 33971 35301 35787 35964 36333 36444 38724 38742 38784 38897 38941 39887 40047 40918 41500 41623 42068 42176 42282 42367 42509 43079 43192 44207 44583 44924 45315 46530 46911 47091 47185 47212 48702
82
517 2013 2173 3199 3478 3844 4059 4782 4988 5627 5660 5824 6823 7173 7301 9530 11684 14674 15194 15772 15779 15871 17130 19208 19547 21945 22417 22584 22958 23114 23802 23870 24450 24465 24898 26458 26640 27091 27094 28041 28266 28322 28653 28802 29626 29794 29891 30227 31060 31909 32092 32981 33013 33690 33716 34267 35442 35812 35943 36177 36370 37755 38329 39227 39301 39490 40057 41288 42736 43150 44563 45203 46353 46403 46458 47379 47521 48413 48445 48970 49006 49377
79
2624 2655 3272 4386 4428 5458 7020 7520 8438 8525 9367 9405 9529 9713 9714 10497 12211 12593 12742 13409 13485 13493 13548 13803 14912 16448 16595 17486 18166 19196 20102 20274 20948 21094 22313 23642 23658 24525 25331 28425 28961 29329 29404 29644 30121 30573 30713 30986 31085 31423 31633 31700 32234 33311 33615 34086 34220 34524 34705 34886 36929 38371 38691 39573 40056 40228 40361 40825 40840 43214 43218 44292 44603 45321 45404 46303 46896 47628 47734
81
206 416 458 856 904 1184 1518 1663 1824 1996 2708 3722 3925 4930 6273 7003 7532 8798 10033 10177 11218 11456 11500 13740 14866 15923 16290 17664 17677 17791 18288 18699 19257 19735 20367 20398 20858 21504 22845 22855 23252 24992 25397 25420 25910 26469 27195 27245 27342 27425 28078 28801 28974 30259 30383 30745 32684 34139 34243 34399 34406 34441 34716 35074 36106 38045 39907 39917 40174 41132 41839 41853 41930 42416 42463 42697 43147 43999 46640 47872 49528
84
492 1587 2757 4070 4403 5064 5152 6267 6665 6687 7617 10590 11486 12231 12352 12368 12949 14525 14908 15382 15507 16152 16336 17046 18070 18177 19482 20250 20520 24089 24427 24624 25771 25869 26021 26962 27003 27070 27644 27673 28575 30192 30242 30711 31264 31869 32002 32934 33282 33298 33342 34202 34374 35507 36146 36848 37255 37856 37964 38078 38105 38133 38705 39241 40078 40550 40892 41444 41474 41797 42718 42735 43102 43712 43756 44314 45333 46066 46389 46453 46830 46833 48042 49214
